2021-07-11 21:52:14.206 [main] INFO  com.VServerApplication - Starting VServerApplication using Java 16.0.1 on yzq-pc with PID 3740 (D:\IdeaProjects\v-im\vimserver\target\classes started by yanni in D:\IdeaProjects\v-im\vimserver)
2021-07-11 21:52:14.210 [main] INFO  com.VServerApplication - The following profiles are active: dev
2021-07-11 21:52:17.530 [main] INFO  o.s.d.r.config.RepositoryConfigurationDelegate - Multiple Spring Data modules found, entering strict repository configuration mode!
2021-07-11 21:52:17.532 [main] INFO  o.s.d.r.config.RepositoryConfigurationDelegate - Bootstrapping Spring Data Redis repositories in DEFAULT mode.
2021-07-11 21:52:18.449 [main] INFO  o.s.d.r.config.RepositoryConfigurationDelegate - Finished Spring Data repository scanning in 901 ms. Found 0 Redis repository interfaces.
2021-07-11 21:52:18.992 [main] INFO  c.u.j.c.EnableEncryptablePropertiesBeanFactoryPostProcessor - Post-processing PropertySource instances
2021-07-11 21:52:19.028 [main] INFO  c.u.j.EncryptablePropertySourceConverter - Converting PropertySource configurationProperties [org.springframework.boot.context.properties.source.ConfigurationPropertySourcesPropertySource] to AOP Proxy
2021-07-11 21:52:19.031 [main] INFO  c.u.j.EncryptablePropertySourceConverter - Converting PropertySource servletConfigInitParams [org.springframework.core.env.PropertySource$StubPropertySource] to EncryptablePropertySourceWrapper
2021-07-11 21:52:19.031 [main] INFO  c.u.j.EncryptablePropertySourceConverter - Converting PropertySource servletContextInitParams [org.springframework.core.env.PropertySource$StubPropertySource] to EncryptablePropertySourceWrapper
2021-07-11 21:52:19.032 [main] INFO  c.u.j.EncryptablePropertySourceConverter - Converting PropertySource systemProperties [org.springframework.core.env.PropertiesPropertySource] to EncryptableMapPropertySourceWrapper
2021-07-11 21:52:19.033 [main] INFO  c.u.j.EncryptablePropertySourceConverter - Converting PropertySource systemEnvironment [org.springframework.boot.env.SystemEnvironmentPropertySourceEnvironmentPostProcessor$OriginAwareSystemEnvironmentPropertySource] to EncryptableSystemEnvironmentPropertySourceWrapper
2021-07-11 21:52:19.033 [main] INFO  c.u.j.EncryptablePropertySourceConverter - Converting PropertySource random [org.springframework.boot.env.RandomValuePropertySource] to EncryptablePropertySourceWrapper
2021-07-11 21:52:19.033 [main] INFO  c.u.j.EncryptablePropertySourceConverter - Converting PropertySource Config resource 'class path resource [application.properties]' via location 'optional:classpath:/' [org.springframework.boot.env.OriginTrackedMapPropertySource] to EncryptableMapPropertySourceWrapper
2021-07-11 21:52:19.083 [main] INFO  c.u.j.filter.DefaultLazyPropertyFilter - Property Filter custom Bean not found with name 'encryptablePropertyFilter'. Initializing Default Property Filter
2021-07-11 21:52:19.101 [main] INFO  c.u.j.resolver.DefaultLazyPropertyResolver - Property Resolver custom Bean not found with name 'encryptablePropertyResolver'. Initializing Default Property Resolver
2021-07-11 21:52:19.103 [main] INFO  c.u.j.detector.DefaultLazyPropertyDetector - Property Detector custom Bean not found with name 'encryptablePropertyDetector'. Initializing Default Property Detector
2021-07-11 21:52:19.639 [main] INFO  o.s.boot.web.embedded.tomcat.TomcatWebServer - Tomcat initialized with port(s): 8020 (http)
2021-07-11 21:52:19.650 [main] INFO  org.apache.coyote.http11.Http11NioProtocol - Initializing ProtocolHandler ["http-nio-8020"]
2021-07-11 21:52:19.651 [main] INFO  org.apache.catalina.core.StandardService - Starting service [Tomcat]
2021-07-11 21:52:19.651 [main] INFO  org.apache.catalina.core.StandardEngine - Starting Servlet engine: [Apache Tomcat/9.0.48]
2021-07-11 21:52:19.775 [main] INFO  o.a.c.core.ContainerBase.[Tomcat].[localhost].[/] - Initializing Spring embedded WebApplicationContext
2021-07-11 21:52:19.775 [main] INFO  o.s.b.w.s.c.ServletWebServerApplicationContext - Root WebApplicationContext: initialization completed in 5455 ms
2021-07-11 21:52:20.204 [main] INFO  o.s.security.provisioning.JdbcUserDetailsManager - No authentication manager set. Reauthentication of users when changing passwords will not be performed.
2021-07-11 21:52:20.361 [main] INFO  org.apache.catalina.core.StandardService - Stopping service [Tomcat]
2021-07-11 21:52:20.402 [main] INFO  o.s.b.a.l.ConditionEvaluationReportLoggingListener - 

Error starting ApplicationContext. To display the conditions report re-run your application with 'debug' enabled.
2021-07-11 21:53:07.551 [main] INFO  com.VServerApplication - Starting VServerApplication using Java 16.0.1 on yzq-pc with PID 5376 (D:\IdeaProjects\v-im\vimserver\target\classes started by yanni in D:\IdeaProjects\v-im\vimserver)
2021-07-11 21:53:07.556 [main] INFO  com.VServerApplication - The following profiles are active: dev
2021-07-11 21:53:10.340 [main] INFO  o.s.d.r.config.RepositoryConfigurationDelegate - Multiple Spring Data modules found, entering strict repository configuration mode!
2021-07-11 21:53:10.343 [main] INFO  o.s.d.r.config.RepositoryConfigurationDelegate - Bootstrapping Spring Data Redis repositories in DEFAULT mode.
2021-07-11 21:53:11.111 [main] INFO  o.s.d.r.config.RepositoryConfigurationDelegate - Finished Spring Data repository scanning in 750 ms. Found 0 Redis repository interfaces.
2021-07-11 21:53:11.640 [main] INFO  c.u.j.c.EnableEncryptablePropertiesBeanFactoryPostProcessor - Post-processing PropertySource instances
2021-07-11 21:53:11.665 [main] INFO  c.u.j.EncryptablePropertySourceConverter - Converting PropertySource configurationProperties [org.springframework.boot.context.properties.source.ConfigurationPropertySourcesPropertySource] to AOP Proxy
2021-07-11 21:53:11.667 [main] INFO  c.u.j.EncryptablePropertySourceConverter - Converting PropertySource servletConfigInitParams [org.springframework.core.env.PropertySource$StubPropertySource] to EncryptablePropertySourceWrapper
2021-07-11 21:53:11.668 [main] INFO  c.u.j.EncryptablePropertySourceConverter - Converting PropertySource servletContextInitParams [org.springframework.core.env.PropertySource$StubPropertySource] to EncryptablePropertySourceWrapper
2021-07-11 21:53:11.669 [main] INFO  c.u.j.EncryptablePropertySourceConverter - Converting PropertySource systemProperties [org.springframework.core.env.PropertiesPropertySource] to EncryptableMapPropertySourceWrapper
2021-07-11 21:53:11.670 [main] INFO  c.u.j.EncryptablePropertySourceConverter - Converting PropertySource systemEnvironment [org.springframework.boot.env.SystemEnvironmentPropertySourceEnvironmentPostProcessor$OriginAwareSystemEnvironmentPropertySource] to EncryptableSystemEnvironmentPropertySourceWrapper
2021-07-11 21:53:11.670 [main] INFO  c.u.j.EncryptablePropertySourceConverter - Converting PropertySource random [org.springframework.boot.env.RandomValuePropertySource] to EncryptablePropertySourceWrapper
2021-07-11 21:53:11.670 [main] INFO  c.u.j.EncryptablePropertySourceConverter - Converting PropertySource Config resource 'class path resource [application.properties]' via location 'optional:classpath:/' [org.springframework.boot.env.OriginTrackedMapPropertySource] to EncryptableMapPropertySourceWrapper
2021-07-11 21:53:11.735 [main] INFO  c.u.j.filter.DefaultLazyPropertyFilter - Property Filter custom Bean not found with name 'encryptablePropertyFilter'. Initializing Default Property Filter
2021-07-11 21:53:11.756 [main] INFO  c.u.j.resolver.DefaultLazyPropertyResolver - Property Resolver custom Bean not found with name 'encryptablePropertyResolver'. Initializing Default Property Resolver
2021-07-11 21:53:11.758 [main] INFO  c.u.j.detector.DefaultLazyPropertyDetector - Property Detector custom Bean not found with name 'encryptablePropertyDetector'. Initializing Default Property Detector
2021-07-11 21:53:12.256 [main] INFO  o.s.boot.web.embedded.tomcat.TomcatWebServer - Tomcat initialized with port(s): 8020 (http)
2021-07-11 21:53:12.265 [main] INFO  org.apache.coyote.http11.Http11NioProtocol - Initializing ProtocolHandler ["http-nio-8020"]
2021-07-11 21:53:12.266 [main] INFO  org.apache.catalina.core.StandardService - Starting service [Tomcat]
2021-07-11 21:53:12.267 [main] INFO  org.apache.catalina.core.StandardEngine - Starting Servlet engine: [Apache Tomcat/9.0.48]
2021-07-11 21:53:12.373 [main] INFO  o.a.c.core.ContainerBase.[Tomcat].[localhost].[/] - Initializing Spring embedded WebApplicationContext
2021-07-11 21:53:12.373 [main] INFO  o.s.b.w.s.c.ServletWebServerApplicationContext - Root WebApplicationContext: initialization completed in 4727 ms
2021-07-11 21:53:12.738 [main] INFO  o.s.security.provisioning.JdbcUserDetailsManager - No authentication manager set. Reauthentication of users when changing passwords will not be performed.
2021-07-11 21:53:13.395 [main] INFO  org.apache.catalina.core.StandardService - Stopping service [Tomcat]
2021-07-11 21:53:13.429 [main] INFO  o.s.b.a.l.ConditionEvaluationReportLoggingListener - 

Error starting ApplicationContext. To display the conditions report re-run your application with 'debug' enabled.
2021-07-11 21:56:09.383 [main] INFO  com.VServerApplication - Starting VServerApplication using Java 16.0.1 on yzq-pc with PID 19484 (D:\IdeaProjects\v-im\vimserver\target\classes started by yanni in D:\IdeaProjects\v-im\vimserver)
2021-07-11 21:56:09.388 [main] INFO  com.VServerApplication - The following profiles are active: dev
2021-07-11 21:56:12.184 [main] INFO  o.s.d.r.config.RepositoryConfigurationDelegate - Multiple Spring Data modules found, entering strict repository configuration mode!
2021-07-11 21:56:12.187 [main] INFO  o.s.d.r.config.RepositoryConfigurationDelegate - Bootstrapping Spring Data Redis repositories in DEFAULT mode.
2021-07-11 21:56:12.967 [main] INFO  o.s.d.r.config.RepositoryConfigurationDelegate - Finished Spring Data repository scanning in 764 ms. Found 0 Redis repository interfaces.
2021-07-11 21:56:13.466 [main] INFO  c.u.j.c.EnableEncryptablePropertiesBeanFactoryPostProcessor - Post-processing PropertySource instances
2021-07-11 21:56:13.490 [main] INFO  c.u.j.EncryptablePropertySourceConverter - Converting PropertySource configurationProperties [org.springframework.boot.context.properties.source.ConfigurationPropertySourcesPropertySource] to AOP Proxy
2021-07-11 21:56:13.492 [main] INFO  c.u.j.EncryptablePropertySourceConverter - Converting PropertySource servletConfigInitParams [org.springframework.core.env.PropertySource$StubPropertySource] to EncryptablePropertySourceWrapper
2021-07-11 21:56:13.492 [main] INFO  c.u.j.EncryptablePropertySourceConverter - Converting PropertySource servletContextInitParams [org.springframework.core.env.PropertySource$StubPropertySource] to EncryptablePropertySourceWrapper
2021-07-11 21:56:13.493 [main] INFO  c.u.j.EncryptablePropertySourceConverter - Converting PropertySource systemProperties [org.springframework.core.env.PropertiesPropertySource] to EncryptableMapPropertySourceWrapper
2021-07-11 21:56:13.494 [main] INFO  c.u.j.EncryptablePropertySourceConverter - Converting PropertySource systemEnvironment [org.springframework.boot.env.SystemEnvironmentPropertySourceEnvironmentPostProcessor$OriginAwareSystemEnvironmentPropertySource] to EncryptableSystemEnvironmentPropertySourceWrapper
2021-07-11 21:56:13.494 [main] INFO  c.u.j.EncryptablePropertySourceConverter - Converting PropertySource random [org.springframework.boot.env.RandomValuePropertySource] to EncryptablePropertySourceWrapper
2021-07-11 21:56:13.495 [main] INFO  c.u.j.EncryptablePropertySourceConverter - Converting PropertySource Config resource 'class path resource [application.properties]' via location 'optional:classpath:/' [org.springframework.boot.env.OriginTrackedMapPropertySource] to EncryptableMapPropertySourceWrapper
2021-07-11 21:56:13.561 [main] INFO  c.u.j.filter.DefaultLazyPropertyFilter - Property Filter custom Bean not found with name 'encryptablePropertyFilter'. Initializing Default Property Filter
2021-07-11 21:56:13.581 [main] INFO  c.u.j.resolver.DefaultLazyPropertyResolver - Property Resolver custom Bean not found with name 'encryptablePropertyResolver'. Initializing Default Property Resolver
2021-07-11 21:56:13.584 [main] INFO  c.u.j.detector.DefaultLazyPropertyDetector - Property Detector custom Bean not found with name 'encryptablePropertyDetector'. Initializing Default Property Detector
2021-07-11 21:56:14.046 [main] INFO  o.s.boot.web.embedded.tomcat.TomcatWebServer - Tomcat initialized with port(s): 8020 (http)
2021-07-11 21:56:14.058 [main] INFO  org.apache.coyote.http11.Http11NioProtocol - Initializing ProtocolHandler ["http-nio-8020"]
2021-07-11 21:56:14.059 [main] INFO  org.apache.catalina.core.StandardService - Starting service [Tomcat]
2021-07-11 21:56:14.059 [main] INFO  org.apache.catalina.core.StandardEngine - Starting Servlet engine: [Apache Tomcat/9.0.48]
2021-07-11 21:56:14.163 [main] INFO  o.a.c.core.ContainerBase.[Tomcat].[localhost].[/] - Initializing Spring embedded WebApplicationContext
2021-07-11 21:56:14.163 [main] INFO  o.s.b.w.s.c.ServletWebServerApplicationContext - Root WebApplicationContext: initialization completed in 4690 ms
2021-07-11 21:56:14.546 [main] INFO  o.s.security.provisioning.JdbcUserDetailsManager - No authentication manager set. Reauthentication of users when changing passwords will not be performed.
2021-07-11 21:56:15.141 [main] INFO  org.apache.catalina.core.StandardService - Stopping service [Tomcat]
2021-07-11 21:56:15.170 [main] INFO  o.s.b.a.l.ConditionEvaluationReportLoggingListener - 

Error starting ApplicationContext. To display the conditions report re-run your application with 'debug' enabled.
2021-07-11 21:57:47.864 [main] INFO  com.VServerApplication - Starting VServerApplication using Java 16.0.1 on yzq-pc with PID 25348 (D:\IdeaProjects\v-im\vimserver\target\classes started by yanni in D:\IdeaProjects\v-im\vimserver)
2021-07-11 21:57:47.870 [main] INFO  com.VServerApplication - The following profiles are active: dev
2021-07-11 21:57:50.678 [main] INFO  o.s.d.r.config.RepositoryConfigurationDelegate - Multiple Spring Data modules found, entering strict repository configuration mode!
2021-07-11 21:57:50.682 [main] INFO  o.s.d.r.config.RepositoryConfigurationDelegate - Bootstrapping Spring Data Redis repositories in DEFAULT mode.
2021-07-11 21:57:51.583 [main] INFO  o.s.d.r.config.RepositoryConfigurationDelegate - Finished Spring Data repository scanning in 884 ms. Found 0 Redis repository interfaces.
2021-07-11 21:57:52.057 [main] INFO  c.u.j.c.EnableEncryptablePropertiesBeanFactoryPostProcessor - Post-processing PropertySource instances
2021-07-11 21:57:52.083 [main] INFO  c.u.j.EncryptablePropertySourceConverter - Converting PropertySource configurationProperties [org.springframework.boot.context.properties.source.ConfigurationPropertySourcesPropertySource] to AOP Proxy
2021-07-11 21:57:52.085 [main] INFO  c.u.j.EncryptablePropertySourceConverter - Converting PropertySource servletConfigInitParams [org.springframework.core.env.PropertySource$StubPropertySource] to EncryptablePropertySourceWrapper
2021-07-11 21:57:52.086 [main] INFO  c.u.j.EncryptablePropertySourceConverter - Converting PropertySource servletContextInitParams [org.springframework.core.env.PropertySource$StubPropertySource] to EncryptablePropertySourceWrapper
2021-07-11 21:57:52.087 [main] INFO  c.u.j.EncryptablePropertySourceConverter - Converting PropertySource systemProperties [org.springframework.core.env.PropertiesPropertySource] to EncryptableMapPropertySourceWrapper
2021-07-11 21:57:52.088 [main] INFO  c.u.j.EncryptablePropertySourceConverter - Converting PropertySource systemEnvironment [org.springframework.boot.env.SystemEnvironmentPropertySourceEnvironmentPostProcessor$OriginAwareSystemEnvironmentPropertySource] to EncryptableSystemEnvironmentPropertySourceWrapper
2021-07-11 21:57:52.088 [main] INFO  c.u.j.EncryptablePropertySourceConverter - Converting PropertySource random [org.springframework.boot.env.RandomValuePropertySource] to EncryptablePropertySourceWrapper
2021-07-11 21:57:52.088 [main] INFO  c.u.j.EncryptablePropertySourceConverter - Converting PropertySource Config resource 'class path resource [application.properties]' via location 'optional:classpath:/' [org.springframework.boot.env.OriginTrackedMapPropertySource] to EncryptableMapPropertySourceWrapper
2021-07-11 21:57:52.151 [main] INFO  c.u.j.filter.DefaultLazyPropertyFilter - Property Filter custom Bean not found with name 'encryptablePropertyFilter'. Initializing Default Property Filter
2021-07-11 21:57:52.170 [main] INFO  c.u.j.resolver.DefaultLazyPropertyResolver - Property Resolver custom Bean not found with name 'encryptablePropertyResolver'. Initializing Default Property Resolver
2021-07-11 21:57:52.172 [main] INFO  c.u.j.detector.DefaultLazyPropertyDetector - Property Detector custom Bean not found with name 'encryptablePropertyDetector'. Initializing Default Property Detector
2021-07-11 21:57:52.707 [main] INFO  o.s.boot.web.embedded.tomcat.TomcatWebServer - Tomcat initialized with port(s): 8020 (http)
2021-07-11 21:57:52.717 [main] INFO  org.apache.coyote.http11.Http11NioProtocol - Initializing ProtocolHandler ["http-nio-8020"]
2021-07-11 21:57:52.717 [main] INFO  org.apache.catalina.core.StandardService - Starting service [Tomcat]
2021-07-11 21:57:52.718 [main] INFO  org.apache.catalina.core.StandardEngine - Starting Servlet engine: [Apache Tomcat/9.0.48]
2021-07-11 21:57:52.832 [main] INFO  o.a.c.core.ContainerBase.[Tomcat].[localhost].[/] - Initializing Spring embedded WebApplicationContext
2021-07-11 21:57:52.833 [main] INFO  o.s.b.w.s.c.ServletWebServerApplicationContext - Root WebApplicationContext: initialization completed in 4861 ms
2021-07-11 21:57:53.248 [main] INFO  o.s.security.provisioning.JdbcUserDetailsManager - No authentication manager set. Reauthentication of users when changing passwords will not be performed.
2021-07-11 21:57:53.867 [main] INFO  org.apache.catalina.core.StandardService - Stopping service [Tomcat]
2021-07-11 21:57:53.917 [main] INFO  o.s.b.a.l.ConditionEvaluationReportLoggingListener - 

Error starting ApplicationContext. To display the conditions report re-run your application with 'debug' enabled.
2021-07-11 22:18:35.751 [main] INFO  com.VServerApplication - Starting VServerApplication using Java 16.0.1 on yzq-pc with PID 17112 (D:\IdeaProjects\v-im\vimserver\target\classes started by yanni in D:\IdeaProjects\v-im\vimserver)
2021-07-11 22:18:35.757 [main] INFO  com.VServerApplication - The following profiles are active: dev
2021-07-11 22:18:38.512 [main] INFO  o.s.d.r.config.RepositoryConfigurationDelegate - Multiple Spring Data modules found, entering strict repository configuration mode!
2021-07-11 22:18:38.514 [main] INFO  o.s.d.r.config.RepositoryConfigurationDelegate - Bootstrapping Spring Data Redis repositories in DEFAULT mode.
2021-07-11 22:18:39.275 [main] INFO  o.s.d.r.config.RepositoryConfigurationDelegate - Finished Spring Data repository scanning in 745 ms. Found 0 Redis repository interfaces.
2021-07-11 22:18:39.761 [main] INFO  c.u.j.c.EnableEncryptablePropertiesBeanFactoryPostProcessor - Post-processing PropertySource instances
2021-07-11 22:18:39.783 [main] INFO  c.u.j.EncryptablePropertySourceConverter - Converting PropertySource configurationProperties [org.springframework.boot.context.properties.source.ConfigurationPropertySourcesPropertySource] to AOP Proxy
2021-07-11 22:18:39.784 [main] INFO  c.u.j.EncryptablePropertySourceConverter - Converting PropertySource servletConfigInitParams [org.springframework.core.env.PropertySource$StubPropertySource] to EncryptablePropertySourceWrapper
2021-07-11 22:18:39.785 [main] INFO  c.u.j.EncryptablePropertySourceConverter - Converting PropertySource servletContextInitParams [org.springframework.core.env.PropertySource$StubPropertySource] to EncryptablePropertySourceWrapper
2021-07-11 22:18:39.785 [main] INFO  c.u.j.EncryptablePropertySourceConverter - Converting PropertySource systemProperties [org.springframework.core.env.PropertiesPropertySource] to EncryptableMapPropertySourceWrapper
2021-07-11 22:18:39.786 [main] INFO  c.u.j.EncryptablePropertySourceConverter - Converting PropertySource systemEnvironment [org.springframework.boot.env.SystemEnvironmentPropertySourceEnvironmentPostProcessor$OriginAwareSystemEnvironmentPropertySource] to EncryptableSystemEnvironmentPropertySourceWrapper
2021-07-11 22:18:39.787 [main] INFO  c.u.j.EncryptablePropertySourceConverter - Converting PropertySource random [org.springframework.boot.env.RandomValuePropertySource] to EncryptablePropertySourceWrapper
2021-07-11 22:18:39.787 [main] INFO  c.u.j.EncryptablePropertySourceConverter - Converting PropertySource Config resource 'class path resource [application.properties]' via location 'optional:classpath:/' [org.springframework.boot.env.OriginTrackedMapPropertySource] to EncryptableMapPropertySourceWrapper
2021-07-11 22:18:39.839 [main] INFO  c.u.j.filter.DefaultLazyPropertyFilter - Property Filter custom Bean not found with name 'encryptablePropertyFilter'. Initializing Default Property Filter
2021-07-11 22:18:39.853 [main] INFO  c.u.j.resolver.DefaultLazyPropertyResolver - Property Resolver custom Bean not found with name 'encryptablePropertyResolver'. Initializing Default Property Resolver
2021-07-11 22:18:39.856 [main] INFO  c.u.j.detector.DefaultLazyPropertyDetector - Property Detector custom Bean not found with name 'encryptablePropertyDetector'. Initializing Default Property Detector
2021-07-11 22:18:40.325 [main] INFO  o.s.boot.web.embedded.tomcat.TomcatWebServer - Tomcat initialized with port(s): 8020 (http)
2021-07-11 22:18:40.333 [main] INFO  org.apache.coyote.http11.Http11NioProtocol - Initializing ProtocolHandler ["http-nio-8020"]
2021-07-11 22:18:40.334 [main] INFO  org.apache.catalina.core.StandardService - Starting service [Tomcat]
2021-07-11 22:18:40.334 [main] INFO  org.apache.catalina.core.StandardEngine - Starting Servlet engine: [Apache Tomcat/9.0.48]
2021-07-11 22:18:40.454 [main] INFO  o.a.c.core.ContainerBase.[Tomcat].[localhost].[/] - Initializing Spring embedded WebApplicationContext
2021-07-11 22:18:40.454 [main] INFO  o.s.b.w.s.c.ServletWebServerApplicationContext - Root WebApplicationContext: initialization completed in 4611 ms
2021-07-11 22:18:40.824 [main] INFO  o.s.security.provisioning.JdbcUserDetailsManager - No authentication manager set. Reauthentication of users when changing passwords will not be performed.
2021-07-11 22:18:41.433 [main] INFO  org.apache.catalina.core.StandardService - Stopping service [Tomcat]
2021-07-11 22:18:41.468 [main] INFO  o.s.b.a.l.ConditionEvaluationReportLoggingListener - 

Error starting ApplicationContext. To display the conditions report re-run your application with 'debug' enabled.
2021-07-11 22:35:30.442 [main] INFO  com.VServerApplication - Starting VServerApplication using Java 16.0.1 on yzq-pc with PID 20908 (D:\IdeaProjects\v-im\vimserver\target\classes started by yanni in D:\IdeaProjects\v-im\vimserver)
2021-07-11 22:35:30.449 [main] INFO  com.VServerApplication - The following profiles are active: dev
2021-07-11 22:35:33.299 [main] INFO  o.s.d.r.config.RepositoryConfigurationDelegate - Multiple Spring Data modules found, entering strict repository configuration mode!
2021-07-11 22:35:33.301 [main] INFO  o.s.d.r.config.RepositoryConfigurationDelegate - Bootstrapping Spring Data Redis repositories in DEFAULT mode.
2021-07-11 22:35:34.176 [main] INFO  o.s.d.r.config.RepositoryConfigurationDelegate - Finished Spring Data repository scanning in 860 ms. Found 0 Redis repository interfaces.
2021-07-11 22:35:34.635 [main] INFO  c.u.j.c.EnableEncryptablePropertiesBeanFactoryPostProcessor - Post-processing PropertySource instances
2021-07-11 22:35:34.655 [main] INFO  c.u.j.EncryptablePropertySourceConverter - Converting PropertySource configurationProperties [org.springframework.boot.context.properties.source.ConfigurationPropertySourcesPropertySource] to AOP Proxy
2021-07-11 22:35:34.657 [main] INFO  c.u.j.EncryptablePropertySourceConverter - Converting PropertySource servletConfigInitParams [org.springframework.core.env.PropertySource$StubPropertySource] to EncryptablePropertySourceWrapper
2021-07-11 22:35:34.657 [main] INFO  c.u.j.EncryptablePropertySourceConverter - Converting PropertySource servletContextInitParams [org.springframework.core.env.PropertySource$StubPropertySource] to EncryptablePropertySourceWrapper
2021-07-11 22:35:34.658 [main] INFO  c.u.j.EncryptablePropertySourceConverter - Converting PropertySource systemProperties [org.springframework.core.env.PropertiesPropertySource] to EncryptableMapPropertySourceWrapper
2021-07-11 22:35:34.660 [main] INFO  c.u.j.EncryptablePropertySourceConverter - Converting PropertySource systemEnvironment [org.springframework.boot.env.SystemEnvironmentPropertySourceEnvironmentPostProcessor$OriginAwareSystemEnvironmentPropertySource] to EncryptableSystemEnvironmentPropertySourceWrapper
2021-07-11 22:35:34.660 [main] INFO  c.u.j.EncryptablePropertySourceConverter - Converting PropertySource random [org.springframework.boot.env.RandomValuePropertySource] to EncryptablePropertySourceWrapper
2021-07-11 22:35:34.660 [main] INFO  c.u.j.EncryptablePropertySourceConverter - Converting PropertySource Config resource 'class path resource [application.properties]' via location 'optional:classpath:/' [org.springframework.boot.env.OriginTrackedMapPropertySource] to EncryptableMapPropertySourceWrapper
2021-07-11 22:35:34.716 [main] INFO  c.u.j.filter.DefaultLazyPropertyFilter - Property Filter custom Bean not found with name 'encryptablePropertyFilter'. Initializing Default Property Filter
2021-07-11 22:35:34.732 [main] INFO  c.u.j.resolver.DefaultLazyPropertyResolver - Property Resolver custom Bean not found with name 'encryptablePropertyResolver'. Initializing Default Property Resolver
2021-07-11 22:35:34.734 [main] INFO  c.u.j.detector.DefaultLazyPropertyDetector - Property Detector custom Bean not found with name 'encryptablePropertyDetector'. Initializing Default Property Detector
2021-07-11 22:35:35.202 [main] INFO  o.s.boot.web.embedded.tomcat.TomcatWebServer - Tomcat initialized with port(s): 8020 (http)
2021-07-11 22:35:35.214 [main] INFO  org.apache.coyote.http11.Http11NioProtocol - Initializing ProtocolHandler ["http-nio-8020"]
2021-07-11 22:35:35.215 [main] INFO  org.apache.catalina.core.StandardService - Starting service [Tomcat]
2021-07-11 22:35:35.215 [main] INFO  org.apache.catalina.core.StandardEngine - Starting Servlet engine: [Apache Tomcat/9.0.48]
2021-07-11 22:35:35.315 [main] INFO  o.a.c.core.ContainerBase.[Tomcat].[localhost].[/] - Initializing Spring embedded WebApplicationContext
2021-07-11 22:35:35.315 [main] INFO  o.s.b.w.s.c.ServletWebServerApplicationContext - Root WebApplicationContext: initialization completed in 4781 ms
2021-07-11 22:35:35.668 [main] INFO  o.s.security.provisioning.JdbcUserDetailsManager - No authentication manager set. Reauthentication of users when changing passwords will not be performed.
2021-07-11 22:35:37.298 [main] INFO  o.s.b.actuate.endpoint.web.EndpointLinksResolver - Exposing 1 endpoint(s) beneath base path '/actuator'
2021-07-11 22:35:37.732 [main] INFO  org.apache.catalina.core.StandardService - Stopping service [Tomcat]
2021-07-11 22:35:37.761 [main] INFO  o.s.b.a.l.ConditionEvaluationReportLoggingListener - 

Error starting ApplicationContext. To display the conditions report re-run your application with 'debug' enabled.
